<?xml version="1.0" encoding="UTF-8"?>
<!-- Generated by org.testng.reporters.JUnitReportReporter -->
<testsuite skipped="0" hostname="DESKTOP-LOH2U1E" name="qaclickacademy.com.RestapiTest" tests="2" failures="0" timestamp="2020-08-31T23:49:43 IST" time="0.001" errors="0">
  <testcase name="RestApiTest1" time="0.001" classname="qaclickacademy.com.RestapiTest"/>
  <system-out/>
  <testcase name="RestApiTest2" time="0.000" classname="qaclickacademy.com.RestapiTest"/>
  <system-out/>
</testsuite> <!-- qaclickacademy.com.RestapiTest -->
