<?xml version="1.0" encoding="UTF-8"?>
<!-- Generated by org.testng.reporters.JUnitReportReporter -->
<testsuite skipped="0" hostname="DESKTOP-LOH2U1E" name="qaclickacademy.com.AppiumTest" tests="2" failures="0" timestamp="2020-08-31T23:49:43 IST" time="0.025" errors="0">
  <testcase name="AndroidTest" time="0.024" classname="qaclickacademy.com.AppiumTest"/>
  <system-out/>
  <testcase name="IOsTest" time="0.001" classname="qaclickacademy.com.AppiumTest"/>
  <system-out/>
</testsuite> <!-- qaclickacademy.com.AppiumTest -->
